
--- PROMPT START ---
[ANALYTICAL DEEP-DIVE MODE]
You are a senior Malaysian media analyst. Analyze this news article:
TITLE: Australian PM to visit Malaysia, Brunei to shore up fuel supply
CONTENT/DESCRIPTION: Anthony Albanese will travel to Kuala Lumpur and Bandar Seri Begawan from April 14 to 17, and is scheduled to meet Prime Minister Anwar Ibrahim.

IMPORTANT: Even if the description is short, the TITLE contains crucial information about the event. Do NOT return "no article text" or "neutral" just because the content is brief. Extract the core event from the title.

SENTIMENT GUIDELINES (MALAYSIAN CONTEXT):
- NEGATIVE: Tragedies, accidents (maut/kemalangan), corruption (rasuah), price hikes, or unaddressed grievances.
- POSITIVE: Economic progress, success, celebrations, AND critical investigations/probes (siasatan/tindakan) that show government accountability or responsiveness to public issues.
- NEUTRAL: Factual reporting on routine events without strong emotional or active framing.

Task: Provide a 3-sentence summary, extract key entities, detect if it's an emergency/alert, identify the Malaysian state, and give a sentiment breakdown (Negative/Neutral/Positive scores adding up to 100).

Output MUST be a single JSON object:
{
  "summary": "3 sentences exactly.",
  "isAlert": true | false,
  "stateLocation": "StateName or 'General'",
  "entities": {
    "people": [],
    "organizations": [],
    "locations": [],
    "topics": []
  },
  "sentimentBreakdown": {
    "negative": 0-100,
    "neutral": 0-100,
    "positive": 0-100,
    "reasoning": "Explain the score. Note: If a tragedy is being investigated, factor in the 'Investigation' as a positive/accountability indicator."
  }
}
Identify entities correctly. No other text.
--- PROMPT END ---

--- PROMPT START ---
[ANALYTICAL DEEP-DIVE MODE]
You are a senior Malaysian media analyst. Analyze this news article:
TITLE: Untitled Article
CONTENT/DESCRIPTION: Markas Tentera Laut Kor Pengawal Revolusi Islam Iran (IRGC) pada Ahad memberi amaran bahawa sebarang “silap langkah” di Selat Hormuz akan memerangkap musuhnya dalam “pusaran maut”, menurut saluran berita Sepah News yang bergabung dengan IRGC, lapor Xinhua.

IMPORTANT: Even if the description is short, the TITLE contains crucial information about the event. Do NOT return "no article text" or "neutral" just because the content is brief. Extract the core event from the title.

SENTIMENT GUIDELINES (MALAYSIAN CONTEXT):
- LANGUAGE: The article may be in English or Bahasa Malaysia (BM). Analyze both professionally.
- NEGATIVE: Tragedies, accidents (maut/kemalangan), corruption (rasuah), price hikes, or unaddressed grievances.
- POSITIVE: Economic progress, success, celebrations, AND critical investigations/probes (siasatan/tindakan) that show government accountability or responsiveness to public issues.
- NEUTRAL: Factual reporting on routine events without strong emotional or active framing.

Task: Provide a 3-sentence summary, extract key entities, detect if it's an emergency/alert, identify the Malaysian state, and give a sentiment breakdown (Negative/Neutral/Positive scores adding up to 100).

Output MUST be a single JSON object:
{
  "summary": "3 sentences exactly.",
  "isAlert": true | false,
  "stateLocation": "StateName or 'General'",
  "entities": {
    "people": [],
    "organizations": [],
    "locations": [],
    "topics": []
  },
  "sentimentBreakdown": {
    "negative": 0-100,
    "neutral": 0-100,
    "positive": 0-100,
    "reasoning": "Explain the score. Note: If a tragedy is being investigated, factor in the 'Investigation' as a positive/accountability indicator."
  }
}
Identify entities correctly. No other text.
--- PROMPT END ---

--- PROMPT START ---
[ANALYTICAL DEEP-DIVE MODE]
You are a senior Malaysian media analyst. Analyze this news article:
TITLE: Untitled Article
CONTENT/DESCRIPTION: Berikut adalah berita yang paling menjadi tumpuan sepanjang Ahad, 12 April 2026.

IMPORTANT: Even if the description is short, the TITLE contains crucial information about the event. Do NOT return "no article text" or "neutral" just because the content is brief. Extract the core event from the title.

SENTIMENT GUIDELINES (MALAYSIAN CONTEXT):
- LANGUAGE: The article may be in English or Bahasa Malaysia (BM). Analyze both professionally.
- NEGATIVE: Tragedies, accidents (maut/kemalangan), corruption (rasuah), price hikes, or unaddressed grievances.
- POSITIVE: Economic progress, success, celebrations, AND critical investigations/probes (siasatan/tindakan) that show government accountability or responsiveness to public issues.
- NEUTRAL: Factual reporting on routine events without strong emotional or active framing.

Task: Provide a 3-sentence summary, extract key entities, detect if it's an emergency/alert, identify the Malaysian state, and give a sentiment breakdown (Negative/Neutral/Positive scores adding up to 100).

Output MUST be a single JSON object:
{
  "summary": "3 sentences exactly.",
  "isAlert": true | false,
  "stateLocation": "StateName or 'General'",
  "entities": {
    "people": [],
    "organizations": [],
    "locations": [],
    "topics": []
  },
  "sentimentBreakdown": {
    "negative": 0-100,
    "neutral": 0-100,
    "positive": 0-100,
    "reasoning": "Explain the score. Note: If a tragedy is being investigated, factor in the 'Investigation' as a positive/accountability indicator."
  }
}
Identify entities correctly. No other text.
--- PROMPT END ---
